<?xml version="1.0" encoding="UTF-8"?>
<!-- Generated by org.testng.reporters.JUnitReportReporter -->
<testsuite skipped="0" hostname="DESKTOP-77SCKED" name="calculator_Test.CalculatorTest" tests="5" failures="0" timestamp="27 Mar 2020 02:47:50 GMT" time="0.007" errors="0">
  <testcase name="multiplyTest" time="0.001" classname="calculator_Test.CalculatorTest"/>
  <testcase name="a_sumMultiply" time="0.001" classname="calculator_Test.CalculatorTest"/>
  <testcase name="sumTest" time="0.001" classname="calculator_Test.CalculatorTest"/>
  <testcase name="divideTest" time="0.002" classname="calculator_Test.CalculatorTest"/>
  <testcase name="subtractTest" time="0.002" classname="calculator_Test.CalculatorTest"/>
</testsuite> <!-- calculator_Test.CalculatorTest -->
