<?xml version="1.0" encoding="UTF-8"?>
<!-- Generated by org.testng.reporters.JUnitReportReporter -->
<testsuite skipped="0" hostname="DESKTOP-T5INPNO" name="calculator_Test1.CalculatorTest" tests="6" failures="0" timestamp="27 Mar 2020 17:13:49 GMT" time="0.058" errors="0">
  <testcase name="multiplyTest" time="0.008" classname="calculator_Test1.CalculatorTest"/>
  <testcase name="multiplyTest1" time="0.004" classname="calculator_Test1.CalculatorTest"/>
  <testcase name="subtractTest" time="0.004" classname="calculator_Test1.CalculatorTest"/>
  <testcase name="sumTest" time="0.002" classname="calculator_Test1.CalculatorTest"/>
  <testcase name="a_sumMultiply" time="0.002" classname="calculator_Test1.CalculatorTest"/>
  <testcase name="divideTest" time="0.038" classname="calculator_Test1.CalculatorTest"/>
</testsuite> <!-- calculator_Test1.CalculatorTest -->
