<?xml version="1.0" encoding="UTF-8"?>
<!-- Generated by org.testng.reporters.JUnitReportReporter -->
<testsuite skipped="0" hostname="DESKTOP-77SCKED" name="calculator_Test.CalculatorTest55" tests="5" failures="0" timestamp="27 Mar 2020 01:22:07 GMT" time="0.004" errors="0">
  <testcase name="divideTest" time="0.000" classname="calculator_Test.CalculatorTest55"/>
  <testcase name="sumTest" time="0.001" classname="calculator_Test.CalculatorTest55"/>
  <testcase name="a_sumMultiply" time="0.001" classname="calculator_Test.CalculatorTest55"/>
  <testcase name="multiplyTest" time="0.001" classname="calculator_Test.CalculatorTest55"/>
  <testcase name="subtractTest" time="0.001" classname="calculator_Test.CalculatorTest55"/>
</testsuite> <!-- calculator_Test.CalculatorTest55 -->
